<?xml version="1.0" encoding="UTF-8"?>
<!-- Generated by org.testng.reporters.JUnitXMLReporter -->
<testsuite ignored="0" hostname="EGCA1-0091" failures="0" tests="1" name="Test Home Page Functions with Firefox" time="0.315" errors="0" timestamp="2022-06-04T14:32:37 EET">
  <testcase classname="test_cases.TestBase" name="@BeforeTest prepareClassProperties" time="0.288">
    <failure type="java.lang.IllegalStateException" message="The driver executable does not exist: C:\Users\G525585\eclipse-workspace\LunarLandnull">
      <![CDATA[java.lang.IllegalStateException: The driver executable does not exist: C:\Users\G525585\eclipse-workspace\LunarLandnull
at com.google.common.base.Preconditions.checkState(Preconditions.java:585)
at org.openqa.selenium.remote.service.DriverService.checkExecutable(DriverService.java:146)
at org.openqa.selenium.remote.service.DriverService.findExecutable(DriverService.java:141)
at org.openqa.selenium.firefox.GeckoDriverService.access$100(GeckoDriverService.java:44)
at org.openqa.selenium.firefox.GeckoDriverService$Builder.findDefaultExecutable(GeckoDriverService.java:167)
at org.openqa.selenium.remote.service.DriverService$Builder.build(DriverService.java:355)
at org.openqa.selenium.firefox.FirefoxDriver.toExecutor(FirefoxDriver.java:190)
at org.openqa.selenium.firefox.FirefoxDriver.<init>(FirefoxDriver.java:147)
at org.openqa.selenium.firefox.FirefoxDriver.<init>(FirefoxDriver.java:125)
at test_cases.TestBase.prepareClassProperties(TestBase.java:55)
at java.base/java.util.concurrent.FutureTask.run(FutureTask.java:264)
at java.base/java.util.concurrent.ThreadPoolExecutor.runWorker(ThreadPoolExecutor.java:1128)
at java.base/java.util.concurrent.ThreadPoolExecutor$Worker.run(ThreadPoolExecutor.java:628)
at java.base/java.lang.Thread.run(Thread.java:834)
... Removed 15 stack frames]]>
    </failure>
  </testcase> <!-- @BeforeTest prepareClassProperties -->
  <testcase classname="test_cases.TestBase" name="@AfterTest tearDown" time="-1.654345957126E9">
    <skipped/>
  </testcase> <!-- @AfterTest tearDown -->
  <testcase classname="test_cases.TestBase" name="startApplication" time="0.0">
    <skipped/>
  </testcase> <!-- startApplication -->
</testsuite> <!-- Test Home Page Functions with Firefox -->
